<?xml version="1.0" encoding="UTF-8"?>
<testng-results skipped="0" failed="0" total="1" passed="1">
  <reporter-output>
  </reporter-output>
  <suite name="Page Object test example" duration-ms="29197" started-at="2016-05-16T09:19:54Z" finished-at="2016-05-16T09:20:24Z">
    <groups>
    </groups>
    <test name="Regression 1" duration-ms="29197" started-at="2016-05-16T09:19:54Z" finished-at="2016-05-16T09:20:24Z">
      <class name="com.hs.tests.LoginTest">
        <test-method status="PASS" signature="setup()[pri:0, instance:com.hs.tests.LoginTest@35851384]" name="setup" is-config="true" duration-ms="18934" started-at="2016-05-16T14:49:54Z" finished-at="2016-05-16T14:50:13Z">
          <reporter-output>
          </reporter-output>
        </test-method> <!-- setup -->
        <test-method status="PASS" signature="clickonSubmitButton()[pri:0, instance:com.hs.tests.LoginTest@35851384]" name="clickonSubmitButton" duration-ms="9840" started-at="2016-05-16T14:50:13Z" finished-at="2016-05-16T14:50:23Z">
          <reporter-output>
          </reporter-output>
        </test-method> <!-- clickonSubmitButton -->
        <test-method status="PASS" signature="tearDown()[pri:0, instance:com.hs.tests.LoginTest@35851384]" name="tearDown" is-config="true" duration-ms="415" started-at="2016-05-16T14:50:23Z" finished-at="2016-05-16T14:50:24Z">
          <reporter-output>
          </reporter-output>
        </test-method> <!-- tearDown -->
      </class> <!-- com.hs.tests.LoginTest -->
    </test> <!-- Regression 1 -->
  </suite> <!-- Page Object test example -->
</testng-results>
